2020-01-16T06:15:53+00:00 CRITICAL Maximum execution time of 30 seconds exceeded in D:\xampp\htdocs\hisclinic_local\wp-includes\Requests\Transport\cURL.php on line 441

2020-01-16T06:50:23+00:00 CRITICAL Cannot redeclare medical_forms_admin_page() (previously declared in D:\xampp\htdocs\hisclinic_local\wp-content\themes\his-clinic-2018\inc\medical-form-admin.php:294) in D:\xampp\htdocs\hisclinic_local\wp-content\plugins\pc-prescribe\prescribe_page_new.php on line 1324

2020-01-16T06:50:56+00:00 CRITICAL Cannot redeclare medical_forms_admin_page_new() (previously declared in D:\xampp\htdocs\hisclinic_local\wp-content\themes\his-clinic-2018\medical-form\backend-listing-medicalform.php:1564) in D:\xampp\htdocs\hisclinic_local\wp-content\plugins\pc-prescribe\prescribe_page_new.php on line 1324

2020-01-16T06:51:26+00:00 CRITICAL Cannot declare class Medical_Form_Single, because the name is already in use in D:\xampp\htdocs\hisclinic_local\wp-content\plugins\pc-prescribe\prescribe_page_new.php on line 3

2020-01-16T08:42:16+00:00 CRITICAL Maximum execution time of 30 seconds exceeded in D:\xampp\htdocs\hisclinic_local\wp-includes\wp-db.php on line 1924

2020-01-16T09:51:43+00:00 CRITICAL Maximum execution time of 120 seconds exceeded in D:\xampp\htdocs\hisclinic_local\wp-content\plugins\wp-migrate-db\class\autoload.php on line 27

2020-01-16T09:55:42+00:00 CRITICAL Maximum execution time of 120 seconds exceeded in D:\xampp\htdocs\hisclinic_local\wp-content\plugins\woocommerce-subscriptions\includes\class-wcs-auth.php on line 12

2020-01-16T09:56:00+00:00 CRITICAL Maximum execution time of 120 seconds exceeded in D:\xampp\htdocs\hisclinic_local\wp-content\plugins\wp-migrate-db\class\Common\Migration\InitiateMigration.php on line 17

2020-01-16T09:59:00+00:00 CRITICAL Maximum execution time of 120 seconds exceeded in D:\xampp\htdocs\hisclinic_local\wp-content\plugins\wp-migrate-db\class\Common\Util\Util.php on line 19

2020-01-16T10:17:13+00:00 CRITICAL Maximum execution time of 120 seconds exceeded in D:\xampp\htdocs\hisclinic_local\wp-content\themes\his-clinic-2018\functions.php on line 9

2020-01-16T10:18:19+00:00 CRITICAL Maximum execution time of 120 seconds exceeded in D:\xampp\htdocs\hisclinic_local\wp-content\themes\his-clinic-2018\functions.php on line 9

2020-01-16T10:19:02+00:00 CRITICAL Maximum execution time of 120 seconds exceeded in D:\xampp\htdocs\hisclinic_local\wp-content\themes\his-clinic-2018\functions.php on line 9

2020-01-16T10:19:31+00:00 CRITICAL Maximum execution time of 120 seconds exceeded in D:\xampp\htdocs\hisclinic_local\wp-content\themes\his-clinic-2018\functions.php on line 9

2020-01-16T10:20:00+00:00 CRITICAL Maximum execution time of 120 seconds exceeded in D:\xampp\htdocs\hisclinic_local\wp-content\themes\his-clinic-2018\functions.php on line 9

2020-01-16T10:20:31+00:00 CRITICAL Maximum execution time of 120 seconds exceeded in D:\xampp\htdocs\hisclinic_local\wp-content\themes\his-clinic-2018\functions.php on line 9

2020-01-16T10:21:06+00:00 CRITICAL Maximum execution time of 120 seconds exceeded in D:\xampp\htdocs\hisclinic_local\wp-content\themes\his-clinic-2018\functions.php on line 9

2020-01-16T10:22:00+00:00 CRITICAL Maximum execution time of 120 seconds exceeded in D:\xampp\htdocs\hisclinic_local\wp-content\themes\his-clinic-2018\functions.php on line 9

2020-01-16T10:22:47+00:00 CRITICAL Maximum execution time of 120 seconds exceeded in D:\xampp\htdocs\hisclinic_local\wp-content\themes\his-clinic-2018\functions.php on line 9

2020-01-16T10:24:27+00:00 CRITICAL Maximum execution time of 120 seconds exceeded in D:\xampp\htdocs\hisclinic_local\wp-content\themes\his-clinic-2018\functions.php on line 9

2020-01-16T10:25:54+00:00 CRITICAL Maximum execution time of 120 seconds exceeded in D:\xampp\htdocs\hisclinic_local\wp-content\themes\his-clinic-2018\functions.php on line 9

2020-01-16T10:27:09+00:00 CRITICAL Maximum execution time of 120 seconds exceeded in D:\xampp\htdocs\hisclinic_local\wp-content\themes\his-clinic-2018\functions.php on line 9

2020-01-16T10:51:33+00:00 CRITICAL Maximum execution time of 120 seconds exceeded in D:\xampp\htdocs\hisclinic_local\wp-content\themes\his-clinic-2018\functions.php on line 9

2020-01-16T10:51:34+00:00 CRITICAL Maximum execution time of 120 seconds exceeded in D:\xampp\htdocs\hisclinic_local\wp-content\themes\his-clinic-2018\functions.php on line 9

2020-01-16T10:51:34+00:00 CRITICAL Maximum execution time of 120 seconds exceeded in D:\xampp\htdocs\hisclinic_local\wp-content\themes\his-clinic-2018\functions.php on line 9

2020-01-16T10:51:34+00:00 CRITICAL Maximum execution time of 120 seconds exceeded in D:\xampp\htdocs\hisclinic_local\wp-content\themes\his-clinic-2018\functions.php on line 9

2020-01-16T10:51:34+00:00 CRITICAL Maximum execution time of 120 seconds exceeded in D:\xampp\htdocs\hisclinic_local\wp-content\themes\his-clinic-2018\functions.php on line 9

2020-01-16T10:51:34+00:00 CRITICAL Maximum execution time of 120 seconds exceeded in D:\xampp\htdocs\hisclinic_local\wp-content\themes\his-clinic-2018\functions.php on line 9

2020-01-16T10:51:34+00:00 CRITICAL Maximum execution time of 120 seconds exceeded in D:\xampp\htdocs\hisclinic_local\wp-content\themes\his-clinic-2018\functions.php on line 9

2020-01-16T10:51:34+00:00 CRITICAL Maximum execution time of 120 seconds exceeded in D:\xampp\htdocs\hisclinic_local\wp-content\themes\his-clinic-2018\functions.php on line 9

2020-01-16T10:51:34+00:00 CRITICAL Maximum execution time of 120 seconds exceeded in D:\xampp\htdocs\hisclinic_local\wp-content\themes\his-clinic-2018\functions.php on line 9

2020-01-16T10:51:34+00:00 CRITICAL Maximum execution time of 120 seconds exceeded in D:\xampp\htdocs\hisclinic_local\wp-content\themes\his-clinic-2018\functions.php on line 9

2020-01-16T11:27:12+00:00 CRITICAL Allowed memory size of 536870912 bytes exhausted (tried to allocate 8392704 bytes) in D:\xampp\htdocs\hisclinic_local\wp-content\plugins\pc-prescribe\prescribe_page_new.php on line 9

2020-01-16T11:27:12+00:00 CRITICAL Maximum execution time of 120 seconds exceeded in D:\xampp\htdocs\hisclinic_local\wp-content\themes\his-clinic-2018\functions.php on line 9

2020-01-16T11:27:12+00:00 CRITICAL Maximum execution time of 120 seconds exceeded in D:\xampp\htdocs\hisclinic_local\wp-content\themes\his-clinic-2018\functions.php on line 9

2020-01-16T11:27:12+00:00 CRITICAL Maximum execution time of 120 seconds exceeded in D:\xampp\htdocs\hisclinic_local\wp-content\themes\his-clinic-2018\functions.php on line 9

2020-01-16T11:27:12+00:00 CRITICAL Maximum execution time of 120 seconds exceeded in D:\xampp\htdocs\hisclinic_local\wp-content\themes\his-clinic-2018\functions.php on line 9

